2026-02-27 17:24:56 [info]: ✅ MongoDB connected Successfully
2026-02-27 17:24:56 [info]: 🚀 Server running in development mode on port 5000
2026-02-27 17:24:57 [info]: ✅ MongoDB connected Successfully
2026-02-27 17:24:57 [info]: 🚀 Server running in development mode on port 5000
2026-02-27 17:25:11 [info]: ✅ MongoDB connected Successfully
2026-02-27 17:25:11 [info]: 🚀 Server running in development mode on port 5000
2026-02-28 00:24:17 [info]: ✅ MongoDB connected Successfully
2026-02-28 00:24:17 [info]: 🚀 Server running in development mode on port 5000
2026-02-28 00:25:11 [http]: [0mPOST /api/ai/chat [31m500[0m 19.903 ms - 153[0m
2026-02-28 00:26:21 [http]: [0mPOST /api/ai/chat [31m500[0m 3.393 ms - 153[0m
2026-02-28 00:26:21 [http]: [0mPOST /api/ai/chat [31m500[0m 2.048 ms - 153[0m
2026-02-28 00:26:22 [http]: [0mPOST /api/ai/chat [31m500[0m 1.842 ms - 153[0m
2026-02-28 00:27:42 [info]: ✅ MongoDB connected Successfully
2026-02-28 00:27:42 [info]: 🚀 Server running in development mode on port 5000
2026-02-28 00:27:48 [http]: [0mPOST /api/ai/chat [32m200[0m 1155.564 ms - 830[0m
2026-02-28 00:28:27 [http]: [0mPOST /api/ai/chat [31m500[0m 19.896 ms - 154[0m
2026-02-28 00:28:31 [http]: [0mPOST /api/ai/chat [31m500[0m 1.213 ms - 154[0m
2026-02-28 00:29:17 [info]: ✅ MongoDB connected Successfully
2026-02-28 00:29:17 [info]: 🚀 Server running in development mode on port 5000
2026-02-28 00:29:43 [info]: ✅ MongoDB connected Successfully
2026-02-28 00:29:43 [info]: 🚀 Server running in development mode on port 5000
2026-02-28 00:30:11 [http]: [0mPOST /api/ai/chat [32m200[0m 17593.710 ms - 10994[0m
2026-02-28 00:31:20 [info]: ✅ MongoDB connected Successfully
2026-02-28 00:31:20 [info]: 🚀 Server running in development mode on port 5000
2026-02-28 00:38:58 [info]: ✅ MongoDB connected Successfully
2026-02-28 00:38:58 [info]: 🚀 Server running in development mode on port 5000
2026-02-28 00:39:16 [http]: [0mPOST /api/ai/chat [32m200[0m 1153.322 ms - 899[0m
2026-02-28 00:39:43 [http]: [0mPOST /api/ai/chat [32m200[0m 18470.155 ms - 10162[0m
2026-02-28 03:12:02 [info]: ✅ MongoDB connected Successfully
2026-02-28 03:12:02 [info]: 🚀 Server running in development mode on port 5000
2026-02-28 03:12:33 [http]: [0mPOST /api/ai/chat [32m200[0m 27663.519 ms - 10495[0m
2026-02-28 03:20:00 [info]: ✅ MongoDB connected Successfully
2026-02-28 03:20:00 [info]: 🚀 Server running in development mode on port 5000
2026-02-28 03:20:00 [info]: ✅ MongoDB connected Successfully
2026-02-28 03:20:00 [info]: 🚀 Server running in development mode on port 5000
2026-02-28 03:20:00 [info]: ✅ MongoDB connected Successfully
2026-02-28 03:20:00 [info]: 🚀 Server running in development mode on port 5000
2026-02-28 03:20:00 [info]: ✅ MongoDB connected Successfully
2026-02-28 03:20:00 [info]: ✅ MongoDB connected Successfully
2026-02-28 03:20:00 [info]: 🚀 Server running in development mode on port 5000
2026-02-28 03:20:00 [info]: 🚀 Server running in development mode on port 5000
2026-02-28 03:20:00 [info]: ✅ MongoDB connected Successfully
2026-02-28 03:20:00 [info]: 🚀 Server running in development mode on port 5000
2026-02-28 03:20:06 [info]: ✅ MongoDB connected Successfully
2026-02-28 03:20:06 [info]: 🚀 Server running in development mode on port 5000
2026-02-28 03:20:06 [info]: ✅ MongoDB connected Successfully
2026-02-28 03:20:06 [info]: 🚀 Server running in development mode on port 5000
2026-02-28 03:20:07 [info]: ✅ MongoDB connected Successfully
2026-02-28 03:20:07 [info]: ✅ MongoDB connected Successfully
2026-02-28 03:20:07 [info]: 🚀 Server running in development mode on port 5000
2026-02-28 03:20:07 [info]: 🚀 Server running in development mode on port 5000
2026-02-28 03:20:07 [info]: ✅ MongoDB connected Successfully
2026-02-28 03:20:07 [info]: ✅ MongoDB connected Successfully
2026-02-28 03:20:07 [info]: 🚀 Server running in development mode on port 5000
2026-02-28 03:20:07 [info]: 🚀 Server running in development mode on port 5000
2026-02-28 03:20:19 [info]: ✅ MongoDB connected Successfully
2026-02-28 03:20:19 [info]: 🚀 Server running in development mode on port 5000
2026-02-28 03:20:19 [info]: ✅ MongoDB connected Successfully
2026-02-28 03:20:19 [info]: 🚀 Server running in development mode on port 5000
2026-02-28 03:20:20 [info]: ✅ MongoDB connected Successfully
2026-02-28 03:20:20 [info]: 🚀 Server running in development mode on port 5000
2026-02-28 03:20:20 [info]: ✅ MongoDB connected Successfully
2026-02-28 03:20:20 [info]: ✅ MongoDB connected Successfully
2026-02-28 03:20:20 [info]: 🚀 Server running in development mode on port 5000
2026-02-28 03:20:20 [info]: ✅ MongoDB connected Successfully
2026-02-28 03:20:20 [info]: 🚀 Server running in development mode on port 5000
2026-02-28 03:20:20 [info]: 🚀 Server running in development mode on port 5000
2026-02-28 03:20:26 [info]: ✅ MongoDB connected Successfully
2026-02-28 03:20:26 [info]: 🚀 Server running in development mode on port 5000
2026-02-28 03:20:26 [info]: ✅ MongoDB connected Successfully
2026-02-28 03:20:26 [info]: 🚀 Server running in development mode on port 5000
2026-02-28 03:20:26 [info]: ✅ MongoDB connected Successfully
2026-02-28 03:20:26 [info]: 🚀 Server running in development mode on port 5000
2026-02-28 03:20:26 [info]: ✅ MongoDB connected Successfully
2026-02-28 03:20:26 [info]: ✅ MongoDB connected Successfully
2026-02-28 03:20:26 [info]: 🚀 Server running in development mode on port 5000
2026-02-28 03:20:26 [info]: 🚀 Server running in development mode on port 5000
2026-02-28 03:20:26 [info]: ✅ MongoDB connected Successfully
2026-02-28 03:20:26 [info]: 🚀 Server running in development mode on port 5000
2026-02-28 03:28:06 [http]: [0mPOST /api/ai/chat [32m200[0m 51047.232 ms - 8986[0m
2026-02-28 03:30:37 [http]: [0mPOST /api/ai/chat [32m200[0m 57572.863 ms - 9946[0m
2026-02-28 03:35:21 [info]: ✅ MongoDB connected Successfully
2026-02-28 03:35:21 [info]: ✅ MongoDB connected Successfully
2026-02-28 03:35:21 [info]: 🚀 Server running in development mode on port 5000
2026-02-28 03:35:21 [info]: 🚀 Server running in development mode on port 5000
2026-02-28 03:35:21 [info]: ✅ MongoDB connected Successfully
2026-02-28 03:35:21 [info]: 🚀 Server running in development mode on port 5000
2026-02-28 03:35:21 [info]: ✅ MongoDB connected Successfully
2026-02-28 03:35:21 [info]: ✅ MongoDB connected Successfully
2026-02-28 03:35:21 [info]: 🚀 Server running in development mode on port 5000
2026-02-28 03:35:21 [info]: ✅ MongoDB connected Successfully
2026-02-28 03:35:21 [info]: 🚀 Server running in development mode on port 5000
2026-02-28 03:35:21 [info]: 🚀 Server running in development mode on port 5000
2026-02-28 03:35:34 [info]: ✅ MongoDB connected Successfully
2026-02-28 03:35:34 [info]: ✅ MongoDB connected Successfully
2026-02-28 03:35:34 [info]: 🚀 Server running in development mode on port 5000
2026-02-28 03:35:34 [info]: 🚀 Server running in development mode on port 5000
2026-02-28 03:35:34 [info]: ✅ MongoDB connected Successfully
2026-02-28 03:35:34 [info]: 🚀 Server running in development mode on port 5000
2026-02-28 03:35:34 [info]: ✅ MongoDB connected Successfully
2026-02-28 03:35:34 [info]: 🚀 Server running in development mode on port 5000
2026-02-28 03:35:34 [info]: ✅ MongoDB connected Successfully
2026-02-28 03:35:34 [info]: 🚀 Server running in development mode on port 5000
2026-02-28 03:35:34 [info]: ✅ MongoDB connected Successfully
2026-02-28 03:35:34 [info]: 🚀 Server running in development mode on port 5000
2026-02-28 03:38:38 [http]: [0mPOST /api/ai/chat [32m200[0m 34689.878 ms - 12251[0m
2026-02-28 03:38:52 [http]: [0mGET /api/startup/floweris [32m200[0m 11.072 ms - 2036[0m
2026-02-28 03:43:05 [http]: [0mGET /api/startup/floweris [36m304[0m 2.850 ms - -[0m
2026-02-28 03:45:20 [http]: [0mPOST /api/ai/chat [32m200[0m 35202.628 ms - 12591[0m
2026-02-28 03:45:25 [http]: [0mGET /api/startup/krr-chicken-stall [32m200[0m 2.605 ms - 2097[0m
2026-02-28 03:47:51 [http]: [0mGET /api/startup/krr-chicken-stall [36m304[0m 2.604 ms - -[0m
